<?xml version="1.0" encoding="UTF-8"?>
<testng-results skipped="0" failed="0" ignored="1" total="2" passed="1">
  <reporter-output>
  </reporter-output>
  <suite name="Default suite" duration-ms="5123" started-at="2022-04-26T02:26:19 EDT" finished-at="2022-04-26T02:26:24 EDT">
    <groups>
    </groups>
    <test name="Default test" duration-ms="5123" started-at="2022-04-26T02:26:19 EDT" finished-at="2022-04-26T02:26:24 EDT">
      <class name="test.LoginPageTest">
        <test-method status="PASS" signature="setUp()[pri:0, instance:test.LoginPageTest@4232c52b]" name="setUp" is-config="true" duration-ms="2612" started-at="2022-04-26T02:26:19 EDT" finished-at="2022-04-26T02:26:22 EDT">
          <reporter-output>
          </reporter-output>
        </test-method> <!-- setUp -->
        <test-method status="PASS" signature="LoginTest()[pri:0, instance:test.LoginPageTest@4232c52b]" name="LoginTest" duration-ms="1738" started-at="2022-04-26T02:26:22 EDT" finished-at="2022-04-26T02:26:23 EDT">
          <reporter-output>
          </reporter-output>
        </test-method> <!-- LoginTest -->
        <test-method status="PASS" signature="tearDown()[pri:0, instance:test.LoginPageTest@4232c52b]" name="tearDown" is-config="true" duration-ms="736" started-at="2022-04-26T02:26:23 EDT" finished-at="2022-04-26T02:26:24 EDT">
          <reporter-output>
          </reporter-output>
        </test-method> <!-- tearDown -->
      </class> <!-- test.LoginPageTest -->
    </test> <!-- Default test -->
  </suite> <!-- Default suite -->
</testng-results>
